2016-07-16 21:29:21 Log begins
2016-07-16 22:34:23 Log ends
2016-07-16 22:34:45 Log begins
2016-07-17 01:10:56 Log begins
2016-07-17 03:55:33 Sent SMS [SMSC:smart] [SVC:foo] [ACT:] [BINF:] [FID:] [from:09088911449] [to:09985382274] [flags:-1:0:-1:-1:24] [msg:12:Test Message] [udh:0:]
2016-07-17 03:55:33 Receive DLR [SMSC:smart] [SVC:foo] [ACT:] [BINF:] [FID:] [from:09088911449] [to:09985382274] [flags:-1:-1:-1:-1:8] [msg:4:ACK/] [udh:0:]
2016-07-17 05:58:17 Sent SMS [SMSC:smart] [SVC:foo] [ACT:] [BINF:] [FID:] [from:09088911449] [to:09055420838] [flags:-1:0:-1:-1:24] [msg:13:Hello, iiisid] [udh:0:]
2016-07-17 05:58:17 Receive DLR [SMSC:smart] [SVC:foo] [ACT:] [BINF:] [FID:] [from:09088911449] [to:09055420838] [flags:-1:-1:-1:-1:8] [msg:4:ACK/] [udh:0:]
2016-07-17 05:58:21 Sent SMS [SMSC:smart] [SVC:foo] [ACT:] [BINF:] [FID:] [from:09088911449] [to:09985382274] [flags:-1:0:-1:-1:24] [msg:13:Hello, iiisid] [udh:0:]
2016-07-17 05:58:21 Receive DLR [SMSC:smart] [SVC:foo] [ACT:] [BINF:] [FID:] [from:09088911449] [to:09985382274] [flags:-1:-1:-1:-1:8] [msg:4:ACK/] [udh:0:]
2016-07-17 06:00:25 Receive SMS [SMSC:smart] [SVC:] [ACT:] [BINF:] [FID:] [from:09985382274] [to:09088911449] [flags:-1:0:-1:0:-1] [msg:4:help] [udh:0:]
2016-07-17 06:10:04 Sent SMS [SMSC:smart] [SVC:foo] [ACT:] [BINF:] [FID:] [from:09088911449] [to:09055420838] [flags:-1:0:-1:-1:24] [msg:0:] [udh:0:]
2016-07-17 06:10:04 Receive DLR [SMSC:smart] [SVC:foo] [ACT:] [BINF:] [FID:] [from:09088911449] [to:09055420838] [flags:-1:-1:-1:-1:8] [msg:4:ACK/] [udh:0:]
2016-07-17 06:12:04 Sent SMS [SMSC:smart] [SVC:foo] [ACT:] [BINF:] [FID:] [from:09088911449] [to:09985382274] [flags:-1:0:-1:-1:24] [msg:17:Schedules Message] [udh:0:]
2016-07-17 06:12:04 Receive DLR [SMSC:smart] [SVC:foo] [ACT:] [BINF:] [FID:] [from:09088911449] [to:09985382274] [flags:-1:-1:-1:-1:8] [msg:4:ACK/] [udh:0:]
2016-07-17 06:12:08 Sent SMS [SMSC:smart] [SVC:foo] [ACT:] [BINF:] [FID:] [from:09088911449] [to:09055420838] [flags:-1:0:-1:-1:24] [msg:17:Schedules Message] [udh:0:]
2016-07-17 06:12:08 Receive DLR [SMSC:smart] [SVC:foo] [ACT:] [BINF:] [FID:] [from:09088911449] [to:09055420838] [flags:-1:-1:-1:-1:8] [msg:4:ACK/] [udh:0:]
2016-07-17 06:20:01 Receive SMS [SMSC:smart] [SVC:] [ACT:] [BINF:] [FID:] [from:09985382274] [to:09088911449] [flags:-1:0:-1:0:-1] [msg:4:help] [udh:0:]
2016-07-17 06:53:23 Sent SMS [SMSC:smart] [SVC:foo] [ACT:] [BINF:] [FID:] [from:09088911449] [to:09055420838] [flags:-1:0:-1:-1:24] [msg:10:llioosos s] [udh:0:]
2016-07-17 06:53:23 Receive DLR [SMSC:smart] [SVC:foo] [ACT:] [BINF:] [FID:] [from:09088911449] [to:09055420838] [flags:-1:-1:-1:-1:8] [msg:4:ACK/] [udh:0:]
2016-07-17 06:55:03 Sent SMS [SMSC:smart] [SVC:foo] [ACT:] [BINF:] [FID:] [from:09088911449] [to:09985382274] [flags:-1:0:-1:-1:24] [msg:13:Testing Again] [udh:0:]
2016-07-17 06:55:03 Receive DLR [SMSC:smart] [SVC:foo] [ACT:] [BINF:] [FID:] [from:09088911449] [to:09985382274] [flags:-1:-1:-1:-1:8] [msg:4:ACK/] [udh:0:]
2016-07-17 07:16:54 Sent SMS [SMSC:smart] [SVC:foo] [ACT:] [BINF:] [FID:] [from:09088911449] [to:09985382274] [flags:-1:0:-1:-1:24] [msg:11:Test Status] [udh:0:]
2016-07-17 07:16:54 Receive DLR [SMSC:smart] [SVC:foo] [ACT:] [BINF:] [FID:] [from:09088911449] [to:09985382274] [flags:-1:-1:-1:-1:8] [msg:4:ACK/] [udh:0:]
2016-07-17 07:18:59 Sent SMS [SMSC:smart] [SVC:foo] [ACT:] [BINF:] [FID:] [from:09088911449] [to:09985382274] [flags:-1:0:-1:-1:24] [msg:4:test] [udh:0:]
2016-07-17 07:18:59 Receive DLR [SMSC:smart] [SVC:foo] [ACT:] [BINF:] [FID:] [from:09088911449] [to:09985382274] [flags:-1:-1:-1:-1:8] [msg:4:ACK/] [udh:0:]
2016-07-17 07:19:43 Receive SMS [SMSC:smart] [SVC:] [ACT:] [BINF:] [FID:] [from:09985382274] [to:09088911449] [flags:-1:0:-1:0:-1] [msg:6:..help] [udh:0:]
2016-07-17 09:16:37 Receive SMS [SMSC:smart] [SVC:] [ACT:] [BINF:] [FID:] [from:09985382274] [to:09088911449] [flags:-1:0:-1:0:-1] [msg:4:help] [udh:0:]
2016-07-17 09:17:27 Receive SMS [SMSC:smart] [SVC:] [ACT:] [BINF:] [FID:] [from:09985382274] [to:09088911449] [flags:-1:0:-1:0:-1] [msg:4:help] [udh:0:]
2016-07-17 10:41:35 Log ends
2016-07-17 10:41:39 Log begins
2016-07-17 10:55:54 Receive SMS [SMSC:smart] [SVC:] [ACT:] [BINF:] [FID:] [from:09985382274] [to:09088911449] [flags:-1:0:-1:0:-1] [msg:10:nick,ferdz] [udh:0:]
2016-07-17 11:04:47 Receive SMS [SMSC:smart] [SVC:] [ACT:] [BINF:] [FID:] [from:09985382274] [to:09088911449] [flags:-1:0:-1:0:-1] [msg:4:help] [udh:0:]
2016-07-17 11:13:54 Sent SMS [SMSC:smart] [SVC:foo] [ACT:] [BINF:] [FID:] [from:09088911449] [to:09055420838] [flags:-1:0:-1:-1:24] [msg:96:Jul-17-16 YOUR CHILD (John Lioneil Dionisio/ 2006141) ENTERED THE HIGH SCHOOL CAMPUS AT 07:00am.] [udh:0:]
2016-07-17 11:13:54 Receive DLR [SMSC:smart] [SVC:foo] [ACT:] [BINF:] [FID:] [from:09088911449] [to:09055420838] [flags:-1:-1:-1:-1:8] [msg:4:ACK/] [udh:0:]
2016-07-17 11:15:04 Sent SMS [SMSC:smart] [SVC:foo] [ACT:] [BINF:] [FID:] [from:09088911449] [to:09235003433] [flags:-1:0:-1:-1:24] [msg:95:Jul-17-16 YOUR CHILD (John Paul Jones/ 2006142) ENTERED THE HIGH SCHOOL CAMPUS LATE AT 11:14am.] [udh:0:]
2016-07-17 11:15:04 Receive DLR [SMSC:smart] [SVC:foo] [ACT:] [BINF:] [FID:] [from:09088911449] [to:09235003433] [flags:-1:-1:-1:-1:8] [msg:4:ACK/] [udh:0:]
2016-07-17 11:15:37 Sent SMS [SMSC:smart] [SVC:foo] [ACT:] [BINF:] [FID:] [from:09088911449] [to:09235003433] [flags:-1:0:-1:-1:24] [msg:95:Jul-17-16 YOUR CHILD (John Paul Jones/ 2006141) ENTERED THE HIGH SCHOOL CAMPUS LATE AT 11:15am.] [udh:0:]
2016-07-17 11:15:37 Receive DLR [SMSC:smart] [SVC:foo] [ACT:] [BINF:] [FID:] [from:09088911449] [to:09235003433] [flags:-1:-1:-1:-1:8] [msg:4:ACK/] [udh:0:]
2016-07-17 11:15:53 Sent SMS [SMSC:smart] [SVC:foo] [ACT:] [BINF:] [FID:] [from:09088911449] [to:09055420838] [flags:-1:0:-1:-1:24] [msg:101:Jul-17-16 YOUR CHILD (John Lioneil Dionisio/ 2006142) ENTERED THE HIGH SCHOOL CAMPUS LATE AT 11:15am.] [udh:0:]
2016-07-17 11:15:53 Receive DLR [SMSC:smart] [SVC:foo] [ACT:] [BINF:] [FID:] [from:09088911449] [to:09055420838] [flags:-1:-1:-1:-1:8] [msg:4:ACK/] [udh:0:]
2016-07-17 11:28:00 Log ends
2016-07-17 11:28:12 Log begins
2016-07-17 11:32:46 Receive SMS [SMSC:smart] [SVC:] [ACT:] [BINF:] [FID:] [from:09985382274] [to:09088911449] [flags:-1:0:-1:0:-1] [msg:6:  help] [udh:0:]
2016-07-17 11:46:18 Log ends
2016-07-17 11:46:18 Log begins
2016-07-17 11:46:20 Log ends
2016-07-17 11:57:49 Log begins
2016-07-17 12:18:07 Receive SMS [SMSC:smart] [SVC:] [ACT:] [BINF:] [FID:] [from:09985382274] [to:09088911449] [flags:-1:0:-1:0:-1] [msg:4:help] [udh:0:]
2016-07-17 12:31:16 Log begins
2016-07-17 12:31:22 Log begins
2016-07-17 12:31:36 Log begins
2016-07-17 12:32:59 Sent SMS [SMSC:smart] [SVC:foo] [ACT:] [BINF:] [FID:] [from:09088911449] [to:09235003433] [flags:-1:0:-1:-1:24] [msg:93:Jul-17-16 YOUR CHILD (John Paul Jones/ 2006141) LEFT THE HIGH SCHOOL CAMPUS EARLY AT 12:32pm.] [udh:0:]
2016-07-17 12:32:59 Receive DLR [SMSC:smart] [SVC:foo] [ACT:] [BINF:] [FID:] [from:09088911449] [to:09235003433] [flags:-1:-1:-1:-1:8] [msg:4:ACK/] [udh:0:]
2016-07-17 12:33:08 Log begins
2016-07-17 12:33:23 Sent SMS [SMSC:smart] [SVC:foo] [ACT:] [BINF:] [FID:] [from:09088911449] [to:09055420838] [flags:-1:0:-1:-1:24] [msg:99:Jul-17-16 YOUR CHILD (John Lioneil Dionisio/ 2006142) LEFT THE HIGH SCHOOL CAMPUS EARLY AT 12:33pm.] [udh:0:]
2016-07-17 12:33:23 Receive DLR [SMSC:smart] [SVC:foo] [ACT:] [BINF:] [FID:] [from:09088911449] [to:09055420838] [flags:-1:-1:-1:-1:8] [msg:4:ACK/] [udh:0:]
2016-07-17 12:33:30 Sent SMS [SMSC:smart] [SVC:foo] [ACT:] [BINF:] [FID:] [from:09088911449] [to:09235003433] [flags:-1:0:-1:-1:24] [msg:93:Jul-17-16 YOUR CHILD (John Paul Jones/ 2006141) LEFT THE HIGH SCHOOL CAMPUS EARLY AT 12:33pm.] [udh:0:]
2016-07-17 12:33:30 Receive DLR [SMSC:smart] [SVC:foo] [ACT:] [BINF:] [FID:] [from:09088911449] [to:09235003433] [flags:-1:-1:-1:-1:8] [msg:4:ACK/] [udh:0:]
2016-07-17 12:33:54 Receive SMS [SMSC:smart] [SVC:] [ACT:] [BINF:] [FID:] [from:09985382274] [to:09088911449] [flags:-1:0:-1:0:-1] [msg:4:help] [udh:0:]
2016-07-17 12:34:28 Sent SMS [SMSC:smart] [SVC:foo] [ACT:] [BINF:] [FID:] [from:09088911449] [to:09235003433] [flags:-1:0:-1:-1:24] [msg:93:Jul-17-16 YOUR CHILD (John Paul Jones/ 2006141) LEFT THE HIGH SCHOOL CAMPUS EARLY AT 12:34pm.] [udh:0:]
2016-07-17 12:34:28 Receive DLR [SMSC:smart] [SVC:foo] [ACT:] [BINF:] [FID:] [from:09088911449] [to:09235003433] [flags:-1:-1:-1:-1:8] [msg:4:ACK/] [udh:0:]
2016-07-17 12:36:21 Log begins
2016-07-17 12:37:18 Log ends
2016-07-17 12:37:18 Log begins
2016-07-17 12:37:21 Log ends
2016-07-17 12:38:26 Log begins
2016-07-17 12:38:44 Receive SMS [SMSC:smart] [SVC:] [ACT:] [BINF:] [FID:] [from:09985382274] [to:09088911449] [flags:-1:0:-1:0:-1] [msg:4:help] [udh:0:]
2016-07-17 12:44:37 Receive SMS [SMSC:smart] [SVC:] [ACT:] [BINF:] [FID:] [from:09985382274] [to:09088911449] [flags:-1:0:-1:0:-1] [msg:4:help] [udh:0:]
2016-07-17 12:50:36 Receive SMS [SMSC:smart] [SVC:] [ACT:] [BINF:] [FID:] [from:09985382274] [to:09088911449] [flags:-1:0:-1:0:-1] [msg:4:help] [udh:0:]
2016-07-17 13:26:24 Receive SMS [SMSC:smart] [SVC:] [ACT:] [BINF:] [FID:] [from:09985382274] [to:09088911449] [flags:-1:0:-1:0:-1] [msg:6:reboot] [udh:0:]
2016-07-17 14:04:56 Sent SMS [SMSC:smart] [SVC:foo] [ACT:] [BINF:] [FID:] [from:09088911449] [to:09235003433] [flags:-1:0:-1:-1:24] [msg:90:Jul-17-16 YOUR CHILD (John Paul Jones/ 2006141) ENTERED THE HIGH SCHOOL CAMPUS AT 02:04pm.] [udh:0:]
2016-07-17 14:04:56 Receive DLR [SMSC:smart] [SVC:foo] [ACT:] [BINF:] [FID:] [from:09088911449] [to:09235003433] [flags:-1:-1:-1:-1:8] [msg:4:ACK/] [udh:0:]
2016-07-17 14:09:47 Sent SMS [SMSC:smart] [SVC:foo] [ACT:] [BINF:] [FID:] [from:09088911449] [to:09260690982] [flags:-1:0:-1:-1:24] [msg:66:Tonet :). Wala ako load. Wait lang ha. Pauwi na rin kami. -Lioneil] [udh:0:]
2016-07-17 14:09:47 Receive DLR [SMSC:smart] [SVC:foo] [ACT:] [BINF:] [FID:] [from:09088911449] [to:09260690982] [flags:-1:-1:-1:-1:8] [msg:4:ACK/] [udh:0:]
2016-07-17 14:14:36 Sent SMS [SMSC:smart] [SVC:foo] [ACT:] [BINF:] [FID:] [from:09088911449] [to:09055420838] [flags:-1:0:-1:-1:24] [msg:10:Oo, meron.] [udh:0:]
2016-07-17 14:14:36 Receive DLR [SMSC:smart] [SVC:foo] [ACT:] [BINF:] [FID:] [from:09088911449] [to:09055420838] [flags:-1:-1:-1:-1:8] [msg:4:ACK/] [udh:0:]
2016-07-17 14:16:18 Sent SMS [SMSC:smart] [SVC:foo] [ACT:] [BINF:] [FID:] [from:09088911449] [to:09985382274] [flags:-1:0:-1:-1:24] [msg:16:lliosdj koasdioa] [udh:0:]
2016-07-17 14:16:18 Receive DLR [SMSC:smart] [SVC:foo] [ACT:] [BINF:] [FID:] [from:09088911449] [to:09985382274] [flags:-1:-1:-1:-1:8] [msg:4:ACK/] [udh:0:]
2016-07-17 14:16:32 Receive SMS [SMSC:smart] [SVC:] [ACT:] [BINF:] [FID:] [from:09985382274] [to:09088911449] [flags:-1:0:-1:0:-1] [msg:4:trst] [udh:0:]
2016-07-17 14:17:10 Receive SMS [SMSC:smart] [SVC:] [ACT:] [BINF:] [FID:] [from:09985382274] [to:09088911449] [flags:-1:0:-1:0:-1] [msg:4:help] [udh:0:]
2016-07-17 14:18:18 Log ends
2016-07-17 14:18:24 Log begins
2016-07-17 14:18:44 Receive SMS [SMSC:smart] [SVC:] [ACT:] [BINF:] [FID:] [from:09985382274] [to:09088911449] [flags:-1:0:-1:0:-1] [msg:4:help] [udh:0:]
